2023-01-06T21:14:49.435313Z 0 [Warning] TIMESTAMP with implicit DEFAULT value is deprecated. Please use --explicit_defaults_for_timestamp server option (see documentation for more details).
2023-01-06T21:14:49.435591Z 0 [Note] --secure-file-priv is set to NULL. Operations related to importing and exporting data are disabled
2023-01-06T21:14:49.436023Z 0 [ERROR] Cannot open Windows EventLog; check privileges, or start server with --log_syslog=0
2023-01-06T21:14:49.436052Z 0 [Note] C:\Users\Manu\Downloads\usbwebserver_v8.6.5\usbwebserver/mysql/bin/mysqld_usbwv8.exe (mysqld 5.7.36) starting as process 18720 ...
2023-01-06T21:14:49.440429Z 0 [ERROR] Error message file 'C:\Users\Manu\Downloads\usbwebserver_v8.6.5\usbwebserver\mysql\share\english\errmsg.sys' had only 886 error messages,
                    but it should contain at least 1123 error messages.
                    Check that the above file is the right version for                     this program!
2023-01-06T21:14:49.455088Z 0 [Note] InnoDB: Mutexes and rw_locks use Windows interlocked functions
2023-01-06T21:14:49.455448Z 0 [Note] InnoDB: Uses event mutexes
2023-01-06T21:14:49.455687Z 0 [Note] InnoDB: Memory barrier is not used
2023-01-06T21:14:49.455940Z 0 [Note] InnoDB: Compressed tables use zlib 1.2.11
2023-01-06T21:14:49.456499Z 0 [Note] InnoDB: Number of pools: 1
2023-01-06T21:14:49.456827Z 0 [Note] InnoDB: Not using CPU crc32 instructions
2023-01-06T21:14:49.458845Z 0 [Note] InnoDB: Initializing buffer pool, total size = 128M, instances = 1, chunk size = 128M
2023-01-06T21:14:49.463369Z 0 [Note] InnoDB: Completed initialization of buffer pool
2023-01-06T21:14:49.475290Z 0 [Note] InnoDB: The first innodb_system data file 'ibdata1' did not exist. A new tablespace will be created!
2023-01-06T21:14:49.476274Z 0 [Note] InnoDB: Setting file 'C:\Users\Manu\Downloads\usbwebserver_v8.6.5\usbwebserver\mysql\data\ibdata1' size to 10 MB. Physically writing the file full; Please wait ...
2023-01-06T21:14:49.497229Z 0 [Note] InnoDB: File 'C:\Users\Manu\Downloads\usbwebserver_v8.6.5\usbwebserver\mysql\data\ibdata1' size is now 10 MB.
2023-01-06T21:14:49.499961Z 0 [Note] InnoDB: Setting log file C:\Users\Manu\Downloads\usbwebserver_v8.6.5\usbwebserver\mysql\data\ib_logfile101 size to 5 MB
2023-01-06T21:14:49.510940Z 0 [Note] InnoDB: Setting log file C:\Users\Manu\Downloads\usbwebserver_v8.6.5\usbwebserver\mysql\data\ib_logfile1 size to 5 MB
2023-01-06T21:14:49.539484Z 0 [Note] InnoDB: Renaming log file C:\Users\Manu\Downloads\usbwebserver_v8.6.5\usbwebserver\mysql\data\ib_logfile101 to C:\Users\Manu\Downloads\usbwebserver_v8.6.5\usbwebserver\mysql\data\ib_logfile0
2023-01-06T21:14:49.544319Z 0 [Warning] InnoDB: New log files created, LSN=45790
2023-01-06T21:14:49.544675Z 0 [Note] InnoDB: Creating shared tablespace for temporary tables
2023-01-06T21:14:49.545319Z 0 [Note] InnoDB: Setting file 'C:\Users\Manu\Downloads\usbwebserver_v8.6.5\usbwebserver\mysql\data\ibtmp1' size to 12 MB. Physically writing the file full; Please wait ...
2023-01-06T21:14:49.562847Z 0 [Note] InnoDB: File 'C:\Users\Manu\Downloads\usbwebserver_v8.6.5\usbwebserver\mysql\data\ibtmp1' size is now 12 MB.
2023-01-06T21:14:49.574323Z 0 [Note] InnoDB: Doublewrite buffer not found: creating new
2023-01-06T21:14:49.587666Z 0 [Note] InnoDB: Doublewrite buffer created
2023-01-06T21:14:49.637549Z 0 [Note] InnoDB: 96 redo rollback segment(s) found. 96 redo rollback segment(s) are active.
2023-01-06T21:14:49.637998Z 0 [Note] InnoDB: 32 non-redo rollback segment(s) are active.
2023-01-06T21:14:49.638711Z 0 [Warning] InnoDB: Creating foreign key constraint system tables.
2023-01-06T21:14:49.641818Z 0 [Note] InnoDB: Foreign key constraint system tables created
2023-01-06T21:14:49.642231Z 0 [Note] InnoDB: Creating tablespace and datafile system tables.
2023-01-06T21:14:49.643436Z 0 [Note] InnoDB: Tablespace and datafile system tables created.
2023-01-06T21:14:49.643782Z 0 [Note] InnoDB: Creating sys_virtual system tables.
2023-01-06T21:14:49.644779Z 0 [Note] InnoDB: sys_virtual table created
2023-01-06T21:14:49.645287Z 0 [Note] InnoDB: Waiting for purge to start
2023-01-06T21:14:49.696156Z 0 [Note] InnoDB: 5.7.36 started; log sequence number 0
2023-01-06T21:14:49.697003Z 0 [Note] Plugin 'FEDERATED' is disabled.
2023-01-06T21:14:49.704613Z 0 [Warning] System table 'plugin' is expected to be transactional.
2023-01-06T21:14:49.709225Z 0 [Warning] Gtid table is not ready to be used. Table 'mysql.gtid_executed' cannot be opened.
2023-01-06T21:14:49.711049Z 0 [Note] Found ca.pem, server-cert.pem and server-key.pem in data directory. Trying to enable SSL support using them.
2023-01-06T21:14:49.711578Z 0 [Note] Skipping generation of SSL certificates as certificate files are present in data directory.
2023-01-06T21:14:49.712034Z 0 [Warning] 
2023-01-06T21:14:49.712179Z 0 [Warning] 
2023-01-06T21:14:49.723500Z 0 [Warning] CA certificate ca.pem is self signed.
2023-01-06T21:14:49.724001Z 0 [Note] Skipping generation of RSA key pair as key files are present in data directory.
2023-01-06T21:14:49.730661Z 0 [Note] Server hostname (bind-address): '*'; port: 3306
2023-01-06T21:14:49.731175Z 0 [Note] IPv6 is available.
2023-01-06T21:14:49.731387Z 0 [Note]   - '::' resolves to '::';
2023-01-06T21:14:49.731659Z 0 [Note] Server socket created on IP: '::'.
2023-01-06T21:14:49.732640Z 0 [Warning] Failed to open optimizer cost constant tables

2023-01-06T21:14:49.793173Z 0 [Warning] System table 'time_zone_leap_second' is expected to be transactional.
2023-01-06T21:14:49.793819Z 0 [Warning] System table 'time_zone_name' is expected to be transactional.
2023-01-06T21:14:49.794467Z 0 [Warning] System table 'time_zone' is expected to be transactional.
2023-01-06T21:14:49.795011Z 0 [Warning] System table 'time_zone_transition_type' is expected to be transactional.
2023-01-06T21:14:49.795533Z 0 [Warning] System table 'time_zone_transition' is expected to be transactional.
2023-01-06T21:14:49.822202Z 0 [Warning] System table 'servers' is expected to be transactional.
2023-01-06T21:14:49.830531Z 0 [Warning] InnoDB: Cannot open table mysql/slave_master_info from the internal data dictionary of InnoDB though the .frm file for the table exists. Please refer to http://dev.mysql.com/doc/refman/5.7/en/innodb-troubleshooting.html for how to resolve the issue.
2023-01-06T21:14:49.836621Z 0 [Warning] InnoDB: Cannot open table mysql/slave_relay_log_info from the internal data dictionary of InnoDB though the .frm file for the table exists. Please refer to http://dev.mysql.com/doc/refman/5.7/en/innodb-troubleshooting.html for how to resolve the issue.
2023-01-06T21:14:49.838073Z 0 [Warning] InnoDB: Cannot open table mysql/slave_master_info from the internal data dictionary of InnoDB though the .frm file for the table exists. Please refer to http://dev.mysql.com/doc/refman/5.7/en/innodb-troubleshooting.html for how to resolve the issue.
2023-01-06T21:14:49.839896Z 0 [Warning] Info table is not ready to be used. Table 'mysql.slave_master_info' cannot be opened.
2023-01-06T21:14:49.849199Z 0 [Warning] InnoDB: Cannot open table mysql/slave_worker_info from the internal data dictionary of InnoDB though the .frm file for the table exists. Please refer to http://dev.mysql.com/doc/refman/5.7/en/innodb-troubleshooting.html for how to resolve the issue.
2023-01-06T21:14:49.850993Z 0 [Warning] InnoDB: Cannot open table mysql/slave_relay_log_info from the internal data dictionary of InnoDB though the .frm file for the table exists. Please refer to http://dev.mysql.com/doc/refman/5.7/en/innodb-troubleshooting.html for how to resolve the issue.
2023-01-06T21:14:49.852391Z 0 [Warning] Info table is not ready to be used. Table 'mysql.slave_relay_log_info' cannot be opened.
2023-01-06T21:14:49.852931Z 0 [Note] Failed to start slave threads for channel ''
2023-01-06T21:14:49.867104Z 0 [ERROR] Incorrect definition of table performance_schema.events_waits_current: expected column 'NESTING_EVENT_TYPE' at position 15 to have type enum('TRANSACTION','STATEMENT','STAGE','WAIT', found type enum('STATEMENT','STAGE','WAIT').
2023-01-06T21:14:49.874681Z 0 [ERROR] Incorrect definition of table performance_schema.events_waits_history: expected column 'NESTING_EVENT_TYPE' at position 15 to have type enum('TRANSACTION','STATEMENT','STAGE','WAIT', found type enum('STATEMENT','STAGE','WAIT').
2023-01-06T21:14:49.883342Z 0 [ERROR] Incorrect definition of table performance_schema.events_waits_history_long: expected column 'NESTING_EVENT_TYPE' at position 15 to have type enum('TRANSACTION','STATEMENT','STAGE','WAIT', found type enum('STATEMENT','STAGE','WAIT').
2023-01-06T21:14:49.905673Z 0 [ERROR] Incorrect definition of table performance_schema.events_waits_summary_by_user_by_event_name: expected column 'USER' at position 0 to have type char(32), found type char(16).
2023-01-06T21:14:49.911161Z 0 [ERROR] Incorrect definition of table performance_schema.events_waits_summary_by_account_by_event_name: expected column 'USER' at position 0 to have type char(32), found type char(16).
2023-01-06T21:14:49.963582Z 0 [ERROR] 
2023-01-06T21:14:49.975384Z 0 [ERROR] Incorrect definition of table performance_schema.setup_objects: expected column 'OBJECT_TYPE' at position 0 to have type enum('EVENT','FUNCTION','PROCEDURE','TABLE','TRIGGER', found type enum('TABLE').
2023-01-06T21:14:49.994716Z 0 [ERROR] 
2023-01-06T21:14:50.003367Z 0 [ERROR] 
2023-01-06T21:14:50.008423Z 0 [ERROR] 
2023-01-06T21:14:50.014776Z 0 [ERROR] 
2023-01-06T21:14:50.019984Z 0 [ERROR] 
2023-01-06T21:14:50.030517Z 0 [ERROR] Incorrect definition of table performance_schema.events_stages_summary_by_account_by_event_name: expected column 'USER' at position 0 to have type char(32), found type char(16).
2023-01-06T21:14:50.036202Z 0 [ERROR] Incorrect definition of table performance_schema.events_stages_summary_by_user_by_event_name: expected column 'USER' at position 0 to have type char(32), found type char(16).
2023-01-06T21:14:50.051865Z 0 [ERROR] 
2023-01-06T21:14:50.056967Z 0 [ERROR] 
2023-01-06T21:14:50.062011Z 0 [ERROR] 
2023-01-06T21:14:50.072191Z 0 [ERROR] Incorrect definition of table performance_schema.events_statements_summary_by_account_by_event_name: expected column 'USER' at position 0 to have type char(32), found type char(16).
2023-01-06T21:14:50.077985Z 0 [ERROR] Incorrect definition of table performance_schema.events_statements_summary_by_user_by_event_name: expected column 'USER' at position 0 to have type char(32), found type char(16).
2023-01-06T21:14:50.093340Z 0 [ERROR] 
2023-01-06T21:14:50.093571Z 0 [ERROR] 
2023-01-06T21:14:50.093776Z 0 [ERROR] 
2023-01-06T21:14:50.093979Z 0 [ERROR] 
2023-01-06T21:14:50.094186Z 0 [ERROR] 
2023-01-06T21:14:50.094389Z 0 [ERROR] 
2023-01-06T21:14:50.094596Z 0 [ERROR] 
2023-01-06T21:14:50.094804Z 0 [ERROR] 
2023-01-06T21:14:50.095005Z 0 [ERROR] 
2023-01-06T21:14:50.098338Z 0 [ERROR] Incorrect definition of table performance_schema.users: expected column 'USER' at position 0 to have type char(32), found type char(16).
2023-01-06T21:14:50.102133Z 0 [ERROR] Incorrect definition of table performance_schema.accounts: expected column 'USER' at position 0 to have type char(32), found type char(16).
2023-01-06T21:14:50.132030Z 0 [ERROR] 
2023-01-06T21:14:50.132301Z 0 [ERROR] 
2023-01-06T21:14:50.132517Z 0 [ERROR] 
2023-01-06T21:14:50.132721Z 0 [ERROR] 
2023-01-06T21:14:50.132929Z 0 [ERROR] 
2023-01-06T21:14:50.133139Z 0 [ERROR] 
2023-01-06T21:14:50.133338Z 0 [ERROR] 
2023-01-06T21:14:50.133540Z 0 [ERROR] 
2023-01-06T21:14:50.133741Z 0 [ERROR] 
2023-01-06T21:14:50.133946Z 0 [ERROR] 
2023-01-06T21:14:50.134181Z 0 [ERROR] 
2023-01-06T21:14:50.134383Z 0 [ERROR] 
2023-01-06T21:14:50.134588Z 0 [ERROR] 
2023-01-06T21:14:50.134787Z 0 [ERROR] 
2023-01-06T21:14:50.134986Z 0 [ERROR] 
2023-01-06T21:14:50.135187Z 0 [ERROR] 
2023-01-06T21:14:50.135388Z 0 [ERROR] 
2023-01-06T21:14:50.135586Z 0 [ERROR] 
2023-01-06T21:14:50.135782Z 0 [ERROR] 
2023-01-06T21:14:50.135980Z 0 [ERROR] 
2023-01-06T21:14:50.136189Z 0 [ERROR] 
2023-01-06T21:14:50.136402Z 0 [ERROR] 
2023-01-06T21:14:50.136600Z 0 [ERROR] 
2023-01-06T21:14:50.136811Z 0 [ERROR] 
2023-01-06T21:14:50.137019Z 0 [ERROR] 
2023-01-06T21:14:50.137215Z 0 [ERROR] 
2023-01-06T21:14:50.137498Z 0 [ERROR] Incorrect definition of table mysql.db: expected column 'User' at position 2 to have type char(32), found type char(16).
2023-01-06T21:14:50.138068Z 0 [ERROR] mysql.user has no `Event_priv` column at position 28
2023-01-06T21:14:50.142606Z 0 [ERROR] Event Scheduler: An error occurred when initializing system tables. Disabling the Event Scheduler.
2023-01-06T21:14:50.143245Z 0 [Note] 
2023-01-06T21:17:01.343440Z 36 [ERROR] InnoDB: Table `mysql`.`innodb_table_stats` not found.
2023-01-06T21:17:01.389876Z 36 [ERROR] InnoDB: Table `mysql`.`innodb_table_stats` not found.
2023-01-06T21:17:01.390242Z 36 [ERROR] InnoDB: Fetch of persistent statistics requested for table `gip`.`artikelen` but the required system tables mysql.innodb_table_stats and mysql.innodb_index_stats are not present or have unexpected structure. Using transient stats instead.
2023-01-06T21:17:01.424152Z 36 [ERROR] InnoDB: Table `mysql`.`innodb_table_stats` not found.
2023-01-06T21:17:01.426851Z 36 [ERROR] InnoDB: Table `mysql`.`innodb_table_stats` not found.
2023-01-06T21:17:01.427187Z 36 [ERROR] InnoDB: Fetch of persistent statistics requested for table `loginsystem`.`users` but the required system tables mysql.innodb_table_stats and mysql.innodb_index_stats are not present or have unexpected structure. Using transient stats instead.
2023-01-06T21:17:11.429492Z 0 [ERROR] InnoDB: Table `mysql`.`innodb_table_stats` not found.
2023-01-06T21:17:11.429908Z 0 [Warning] InnoDB: Recalculation of persistent statistics requested for table `loginsystem`.`users` but the required persistent statistics storage is not present or is corrupted. Using transient stats instead.
2023-01-06T21:17:21.431115Z 0 [ERROR] InnoDB: Table `mysql`.`innodb_table_stats` not found.
2023-01-06T21:17:21.431510Z 0 [Warning] InnoDB: Recalculation of persistent statistics requested for table `gip`.`artikelen` but the required persistent statistics storage is not present or is corrupted. Using transient stats instead.
