2023-01-05 12:57:53 7364 [Note] Plugin 'FEDERATED' is disabled.
2023-01-05 12:57:53 7364 [Note] InnoDB: The InnoDB memory heap is disabled
2023-01-05 12:57:53 7364 [Note] InnoDB: Mutexes and rw_locks use Windows interlocked functions
2023-01-05 12:57:53 7364 [Note] InnoDB: Compressed tables use zlib 1.2.3
2023-01-05 12:57:53 7364 [Note] InnoDB: Not using CPU crc32 instructions
2023-01-05 12:57:53 7364 [Note] InnoDB: Initializing buffer pool, size = 128.0M
2023-01-05 12:57:53 7364 [Note] InnoDB: Completed initialization of buffer pool
2023-01-05 12:57:53 7364 [Note] InnoDB: Setting log file C:\Users\calla\Documents\GitHub\GIP\mysql\data\ib_logfile101 size to 5 MB
2023-01-05 12:57:53 7364 [Note] InnoDB: Setting log file C:\Users\calla\Documents\GitHub\GIP\mysql\data\ib_logfile1 size to 5 MB
2023-01-05 12:57:53 7364 [Note] InnoDB: Renaming log file C:\Users\calla\Documents\GitHub\GIP\mysql\data\ib_logfile101 to C:\Users\calla\Documents\GitHub\GIP\mysql\data\ib_logfile0
2023-01-05 12:57:53 7364 [Warning] InnoDB: New log files created, LSN=1626134
2023-01-05 12:57:53 7364 [Note] InnoDB: Highest supported file format is Barracuda.
2023-01-05 12:57:53 7364 [Note] InnoDB: 128 rollback segment(s) are active.
2023-01-05 12:57:53 7364 [Note] InnoDB: Waiting for purge to start
2023-01-05 12:57:53 7364 [Note] InnoDB: 5.6.13 started; log sequence number 1626636
2023-01-05 12:57:53 7364 [Warning] No existing UUID has been found, so we assume that this is the first time that this server has been started. Generating a new UUID: 2f820c14-8cf0-11ed-8f39-a85e4560f2cd.
2023-01-05 12:57:53 7364 [Note] Server hostname (bind-address): '*'; port: 3307
2023-01-05 12:57:53 7364 [Note] IPv6 is available.
2023-01-05 12:57:53 7364 [Note]   - '::' resolves to '::';
2023-01-05 12:57:53 7364 [Note] Server socket created on IP: '::'.
