2023-04-28 16:26:04 1692 [Note] Plugin 'FEDERATED' is disabled.
2023-04-28 16:26:04 1692 [Note] InnoDB: The InnoDB memory heap is disabled
2023-04-28 16:26:04 1692 [Note] InnoDB: Mutexes and rw_locks use Windows interlocked functions
2023-04-28 16:26:04 1692 [Note] InnoDB: Compressed tables use zlib 1.2.3
2023-04-28 16:26:04 1692 [Note] InnoDB: Not using CPU crc32 instructions
2023-04-28 16:26:04 1692 [Note] InnoDB: Initializing buffer pool, size = 128.0M
2023-04-28 16:26:04 1692 [Note] InnoDB: Completed initialization of buffer pool
2023-04-28 16:26:04 1692 [Note] InnoDB: Highest supported file format is Barracuda.
2023-04-28 16:26:04 1692 [Note] InnoDB: The log sequence numbers 1626134 and 1626134 in ibdata files do not match the log sequence number 2510028 in the ib_logfiles!
2023-04-28 16:26:04 1692 [Note] InnoDB: Database was not shutdown normally!
2023-04-28 16:26:04 1692 [Note] InnoDB: Starting crash recovery.
2023-04-28 16:26:04 1692 [Note] InnoDB: Reading tablespace information from the .ibd files...
2023-04-28 16:26:04 1692 [Note] InnoDB: Restoring possible half-written data pages 
2023-04-28 16:26:04 1692 [Note] InnoDB: from the doublewrite buffer...
2023-04-28 16:26:04 1692 [Note] InnoDB: 128 rollback segment(s) are active.
2023-04-28 16:26:04 1692 [Note] InnoDB: Waiting for purge to start
2023-04-28 16:26:04 1692 [Note] InnoDB: 5.6.13 started; log sequence number 2510028
2023-04-28 16:26:04 1692 [Note] Server hostname (bind-address): '*'; port: 3307
2023-04-28 16:26:04 1692 [Note] IPv6 is available.
2023-04-28 16:26:04 1692 [Note]   - '::' resolves to '::';
2023-04-28 16:26:04 1692 [Note] Server socket created on IP: '::'.
2023-05-02 17:55:58 14560 [Note] Plugin 'FEDERATED' is disabled.
2023-05-02 17:55:58 14560 [Note] InnoDB: The InnoDB memory heap is disabled
2023-05-02 17:55:58 14560 [Note] InnoDB: Mutexes and rw_locks use Windows interlocked functions
2023-05-02 17:55:58 14560 [Note] InnoDB: Compressed tables use zlib 1.2.3
2023-05-02 17:55:58 14560 [Note] InnoDB: Not using CPU crc32 instructions
2023-05-02 17:55:58 14560 [Note] InnoDB: Initializing buffer pool, size = 128.0M
2023-05-02 17:55:58 14560 [Note] InnoDB: Completed initialization of buffer pool
2023-05-02 17:55:58 14560 [Note] InnoDB: Highest supported file format is Barracuda.
2023-05-02 17:55:58 14560 [Note] InnoDB: The log sequence numbers 1626134 and 1626134 in ibdata files do not match the log sequence number 2510088 in the ib_logfiles!
2023-05-02 17:55:58 14560 [Note] InnoDB: Database was not shutdown normally!
2023-05-02 17:55:58 14560 [Note] InnoDB: Starting crash recovery.
2023-05-02 17:55:58 14560 [Note] InnoDB: Reading tablespace information from the .ibd files...
2023-05-02 17:55:58 14560 [Note] InnoDB: Restoring possible half-written data pages 
2023-05-02 17:55:58 14560 [Note] InnoDB: from the doublewrite buffer...
2023-05-02 17:55:59 14560 [Note] InnoDB: 128 rollback segment(s) are active.
2023-05-02 17:55:59 14560 [Note] InnoDB: Waiting for purge to start
2023-05-02 17:55:59 14560 [Note] InnoDB: 5.6.13 started; log sequence number 2510088
2023-05-02 17:55:59 14560 [Note] Server hostname (bind-address): '*'; port: 3307
2023-05-02 17:55:59 14560 [Note] IPv6 is available.
2023-05-02 17:55:59 14560 [Note]   - '::' resolves to '::';
2023-05-02 17:55:59 14560 [Note] Server socket created on IP: '::'.
2023-05-04 15:14:44 1444 [Note] Plugin 'FEDERATED' is disabled.
2023-05-04 15:14:44 1444 [Note] InnoDB: The InnoDB memory heap is disabled
2023-05-04 15:14:44 1444 [Note] InnoDB: Mutexes and rw_locks use Windows interlocked functions
2023-05-04 15:14:44 1444 [Note] InnoDB: Compressed tables use zlib 1.2.3
2023-05-04 15:14:44 1444 [Note] InnoDB: Not using CPU crc32 instructions
2023-05-04 15:14:44 1444 [Note] InnoDB: Initializing buffer pool, size = 128.0M
2023-05-04 15:14:44 1444 [Note] InnoDB: Completed initialization of buffer pool
2023-05-04 15:14:44 1444 [Note] InnoDB: Highest supported file format is Barracuda.
2023-05-04 15:14:44 1444 [Note] InnoDB: The log sequence numbers 1626134 and 1626134 in ibdata files do not match the log sequence number 2519586 in the ib_logfiles!
2023-05-04 15:14:44 1444 [Note] InnoDB: Database was not shutdown normally!
2023-05-04 15:14:44 1444 [Note] InnoDB: Starting crash recovery.
2023-05-04 15:14:44 1444 [Note] InnoDB: Reading tablespace information from the .ibd files...
2023-05-04 15:14:44 1444 [Note] InnoDB: Restoring possible half-written data pages 
2023-05-04 15:14:44 1444 [Note] InnoDB: from the doublewrite buffer...
2023-05-04 15:14:45 1444 [Note] InnoDB: 128 rollback segment(s) are active.
2023-05-04 15:14:45 1444 [Note] InnoDB: Waiting for purge to start
2023-05-04 15:14:45 1444 [Note] InnoDB: 5.6.13 started; log sequence number 2519586
2023-05-04 15:14:45 1444 [Note] Server hostname (bind-address): '*'; port: 3307
2023-05-04 15:14:45 1444 [Note] IPv6 is available.
2023-05-04 15:14:45 1444 [Note]   - '::' resolves to '::';
2023-05-04 15:14:45 1444 [Note] Server socket created on IP: '::'.
2023-05-04 15:17:04 16172 [Note] Plugin 'FEDERATED' is disabled.
2023-05-04 15:17:04 16172 [Note] InnoDB: The InnoDB memory heap is disabled
2023-05-04 15:17:04 16172 [Note] InnoDB: Mutexes and rw_locks use Windows interlocked functions
2023-05-04 15:17:04 16172 [Note] InnoDB: Compressed tables use zlib 1.2.3
2023-05-04 15:17:04 16172 [Note] InnoDB: Not using CPU crc32 instructions
2023-05-04 15:17:04 16172 [Note] InnoDB: Initializing buffer pool, size = 128.0M
2023-05-04 15:17:04 16172 [Note] InnoDB: Completed initialization of buffer pool
2023-05-04 15:17:04 16172 [Note] InnoDB: Highest supported file format is Barracuda.
2023-05-04 15:17:04 16172 [Note] InnoDB: The log sequence numbers 1626134 and 1626134 in ibdata files do not match the log sequence number 2519596 in the ib_logfiles!
2023-05-04 15:17:04 16172 [Note] InnoDB: Database was not shutdown normally!
2023-05-04 15:17:04 16172 [Note] InnoDB: Starting crash recovery.
2023-05-04 15:17:04 16172 [Note] InnoDB: Reading tablespace information from the .ibd files...
2023-05-04 15:17:04 16172 [Note] InnoDB: Restoring possible half-written data pages 
2023-05-04 15:17:04 16172 [Note] InnoDB: from the doublewrite buffer...
2023-05-04 15:17:04 16172 [Note] InnoDB: 128 rollback segment(s) are active.
2023-05-04 15:17:04 16172 [Note] InnoDB: Waiting for purge to start
2023-05-04 15:17:04 16172 [Note] InnoDB: 5.6.13 started; log sequence number 2519596
2023-05-04 15:17:04 16172 [Note] Server hostname (bind-address): '*'; port: 3307
2023-05-04 15:17:04 16172 [Note] IPv6 is available.
2023-05-04 15:17:04 16172 [Note]   - '::' resolves to '::';
2023-05-04 15:17:04 16172 [Note] Server socket created on IP: '::'.
2023-05-04 15:57:20 11996 [Note] Plugin 'FEDERATED' is disabled.
2023-05-04 15:57:20 11996 [Note] InnoDB: The InnoDB memory heap is disabled
2023-05-04 15:57:20 11996 [Note] InnoDB: Mutexes and rw_locks use Windows interlocked functions
2023-05-04 15:57:20 11996 [Note] InnoDB: Compressed tables use zlib 1.2.3
2023-05-04 15:57:20 11996 [Note] InnoDB: Not using CPU crc32 instructions
2023-05-04 15:57:20 11996 [Note] InnoDB: Initializing buffer pool, size = 128.0M
2023-05-04 15:57:20 11996 [Note] InnoDB: Completed initialization of buffer pool
2023-05-04 15:57:20 11996 [Note] InnoDB: Highest supported file format is Barracuda.
2023-05-04 15:57:20 11996 [Note] InnoDB: The log sequence numbers 1626134 and 1626134 in ibdata files do not match the log sequence number 2519606 in the ib_logfiles!
2023-05-04 15:57:20 11996 [Note] InnoDB: Database was not shutdown normally!
2023-05-04 15:57:20 11996 [Note] InnoDB: Starting crash recovery.
2023-05-04 15:57:20 11996 [Note] InnoDB: Reading tablespace information from the .ibd files...
2023-05-04 15:57:20 11996 [Note] InnoDB: Restoring possible half-written data pages 
2023-05-04 15:57:20 11996 [Note] InnoDB: from the doublewrite buffer...
2023-05-04 15:57:21 11996 [Note] InnoDB: 128 rollback segment(s) are active.
2023-05-04 15:57:21 11996 [Note] InnoDB: Waiting for purge to start
2023-05-04 15:57:21 11996 [Note] InnoDB: 5.6.13 started; log sequence number 2519606
2023-05-04 15:57:21 11996 [Note] Server hostname (bind-address): '*'; port: 3307
2023-05-04 15:57:21 11996 [Note] IPv6 is available.
2023-05-04 15:57:21 11996 [Note]   - '::' resolves to '::';
2023-05-04 15:57:21 11996 [Note] Server socket created on IP: '::'.
