2023-01-16 09:37:37 12316 [Note] Plugin 'FEDERATED' is disabled.
2023-01-16 09:37:37 12316 [Note] InnoDB: The InnoDB memory heap is disabled
2023-01-16 09:37:37 12316 [Note] InnoDB: Mutexes and rw_locks use Windows interlocked functions
2023-01-16 09:37:37 12316 [Note] InnoDB: Compressed tables use zlib 1.2.3
2023-01-16 09:37:37 12316 [Note] InnoDB: Not using CPU crc32 instructions
2023-01-16 09:37:37 12316 [Note] InnoDB: Initializing buffer pool, size = 128.0M
2023-01-16 09:37:38 12316 [Note] InnoDB: Completed initialization of buffer pool
2023-01-16 09:37:38 12316 [Note] InnoDB: Highest supported file format is Barracuda.
2023-01-16 09:37:38 12316 [Note] InnoDB: The log sequence numbers 1626134 and 1626134 in ibdata files do not match the log sequence number 1903605 in the ib_logfiles!
2023-01-16 09:37:38 12316 [Note] InnoDB: Database was not shutdown normally!
2023-01-16 09:37:38 12316 [Note] InnoDB: Starting crash recovery.
2023-01-16 09:37:38 12316 [Note] InnoDB: Reading tablespace information from the .ibd files...
2023-01-16 09:37:38 12316 [Note] InnoDB: Restoring possible half-written data pages 
2023-01-16 09:37:38 12316 [Note] InnoDB: from the doublewrite buffer...
2023-01-16 09:37:38 12316 [Note] InnoDB: 128 rollback segment(s) are active.
2023-01-16 09:37:38 12316 [Note] InnoDB: Waiting for purge to start
2023-01-16 09:37:38 12316 [Note] InnoDB: 5.6.13 started; log sequence number 1903605
2023-01-16 09:37:38 12316 [Note] Server hostname (bind-address): '*'; port: 3307
2023-01-16 09:37:38 12316 [Note] IPv6 is available.
2023-01-16 09:37:38 12316 [Note]   - '::' resolves to '::';
2023-01-16 09:37:38 12316 [Note] Server socket created on IP: '::'.
2023-01-16 13:17:23 16392 [Note] Plugin 'FEDERATED' is disabled.
2023-01-16 13:17:23 16392 [Note] InnoDB: The InnoDB memory heap is disabled
2023-01-16 13:17:23 16392 [Note] InnoDB: Mutexes and rw_locks use Windows interlocked functions
2023-01-16 13:17:23 16392 [Note] InnoDB: Compressed tables use zlib 1.2.3
2023-01-16 13:17:23 16392 [Note] InnoDB: Not using CPU crc32 instructions
2023-01-16 13:17:23 16392 [Note] InnoDB: Initializing buffer pool, size = 128.0M
2023-01-16 13:17:23 16392 [Note] InnoDB: Completed initialization of buffer pool
2023-01-16 13:17:23 16392 [ERROR] InnoDB: C:\Users\devlo\Documents\GitHub\GIP\mysql\data\ibdata1 can't be opened in read-write mode
2023-01-16 13:17:23 16392 [ERROR] InnoDB: The system tablespace must be writable!
2023-01-16 13:17:23 16392 [ERROR] Plugin 'InnoDB' init function returned error.
2023-01-16 13:17:23 16392 [ERROR] Plugin 'InnoDB' registration as a STORAGE ENGINE failed.
2023-01-16 13:17:23 16392 [ERROR] Unknown/unsupported storage engine: InnoDB
2023-01-16 13:17:23 16392 [ERROR] Aborting

2023-01-16 13:17:23 16392 [Note] Binlog end
2023-01-16 13:17:23 16392 [Note] Shutting down plugin 'partition'
2023-01-16 13:17:23 16392 [Note] Shutting down plugin 'PERFORMANCE_SCHEMA'
2023-01-16 13:17:23 16392 [Note] Shutting down plugin 'INNODB_SYS_DATAFILES'
2023-01-16 13:17:23 16392 [Note] Shutting down plugin 'INNODB_SYS_TABLESPACES'
2023-01-16 13:17:23 16392 [Note] Shutting down plugin 'INNODB_SYS_FOREIGN_COLS'
2023-01-16 13:17:23 16392 [Note] Shutting down plugin 'INNODB_SYS_FOREIGN'
2023-01-16 13:17:23 16392 [Note] Shutting down plugin 'INNODB_SYS_FIELDS'
2023-01-16 13:17:23 16392 [Note] Shutting down plugin 'INNODB_SYS_COLUMNS'
2023-01-16 13:17:23 16392 [Note] Shutting down plugin 'INNODB_SYS_INDEXES'
2023-01-16 13:17:23 16392 [Note] Shutting down plugin 'INNODB_SYS_TABLESTATS'
2023-01-16 13:17:23 16392 [Note] Shutting down plugin 'INNODB_SYS_TABLES'
2023-01-16 13:17:23 16392 [Note] Shutting down plugin 'INNODB_FT_INDEX_TABLE'
2023-01-16 13:17:23 16392 [Note] Shutting down plugin 'INNODB_FT_INDEX_CACHE'
2023-01-16 13:17:23 16392 [Note] Shutting down plugin 'INNODB_FT_CONFIG'
2023-01-16 13:17:23 16392 [Note] Shutting down plugin 'INNODB_FT_BEING_DELETED'
2023-01-16 13:17:23 16392 [Note] Shutting down plugin 'INNODB_FT_DELETED'
2023-01-16 13:17:23 16392 [Note] Shutting down plugin 'INNODB_FT_DEFAULT_STOPWORD'
2023-01-16 13:17:23 16392 [Note] Shutting down plugin 'INNODB_METRICS'
2023-01-16 13:17:23 16392 [Note] Shutting down plugin 'INNODB_BUFFER_POOL_STATS'
2023-01-16 13:17:23 16392 [Note] Shutting down plugin 'INNODB_BUFFER_PAGE_LRU'
2023-01-16 13:17:23 16392 [Note] Shutting down plugin 'INNODB_BUFFER_PAGE'
2023-01-16 13:17:23 16392 [Note] Shutting down plugin 'INNODB_CMP_PER_INDEX_RESET'
2023-01-16 13:17:23 16392 [Note] Shutting down plugin 'INNODB_CMP_PER_INDEX'
2023-01-16 13:17:23 16392 [Note] Shutting down plugin 'INNODB_CMPMEM_RESET'
2023-01-16 13:17:23 16392 [Note] Shutting down plugin 'INNODB_CMPMEM'
2023-01-16 13:17:23 16392 [Note] Shutting down plugin 'INNODB_CMP_RESET'
2023-01-16 13:17:23 16392 [Note] Shutting down plugin 'INNODB_CMP'
2023-01-16 13:17:23 16392 [Note] Shutting down plugin 'INNODB_LOCK_WAITS'
2023-01-16 13:17:23 16392 [Note] Shutting down plugin 'INNODB_LOCKS'
2023-01-16 13:17:23 16392 [Note] Shutting down plugin 'INNODB_TRX'
2023-01-16 13:17:23 16392 [Note] Shutting down plugin 'BLACKHOLE'
2023-01-16 13:17:23 16392 [Note] Shutting down plugin 'ARCHIVE'
2023-01-16 13:17:23 16392 [Note] Shutting down plugin 'MRG_MYISAM'
2023-01-16 13:17:23 16392 [Note] Shutting down plugin 'MyISAM'
2023-01-16 13:17:23 16392 [Note] Shutting down plugin 'MEMORY'
2023-01-16 13:17:23 16392 [Note] Shutting down plugin 'CSV'
2023-01-16 13:17:23 16392 [Note] Shutting down plugin 'sha256_password'
2023-01-16 13:17:23 16392 [Note] Shutting down plugin 'mysql_old_password'
2023-01-16 13:17:23 16392 [Note] Shutting down plugin 'mysql_native_password'
2023-01-16 13:17:23 16392 [Note] Shutting down plugin 'binlog'
2023-01-16 13:17:23 16392 [Note] C:\Users\devlo\Documents\GitHub\GIP/mysql/bin/mysqld_usbwv8.exe: Shutdown complete

2023-01-23 13:13:32 1524 [Note] Plugin 'FEDERATED' is disabled.
2023-01-23 13:13:32 1524 [Note] InnoDB: The InnoDB memory heap is disabled
2023-01-23 13:13:32 1524 [Note] InnoDB: Mutexes and rw_locks use Windows interlocked functions
2023-01-23 13:13:32 1524 [Note] InnoDB: Compressed tables use zlib 1.2.3
2023-01-23 13:13:32 1524 [Note] InnoDB: Not using CPU crc32 instructions
2023-01-23 13:13:32 1524 [Note] InnoDB: Initializing buffer pool, size = 128.0M
2023-01-23 13:13:32 1524 [Note] InnoDB: Completed initialization of buffer pool
2023-01-23 13:13:32 1524 [Note] InnoDB: Highest supported file format is Barracuda.
2023-01-23 13:13:32 1524 [Note] InnoDB: The log sequence numbers 1626134 and 1626134 in ibdata files do not match the log sequence number 1903788 in the ib_logfiles!
2023-01-23 13:13:32 1524 [Note] InnoDB: Database was not shutdown normally!
2023-01-23 13:13:32 1524 [Note] InnoDB: Starting crash recovery.
2023-01-23 13:13:32 1524 [Note] InnoDB: Reading tablespace information from the .ibd files...
2023-01-23 13:13:32 1524 [Note] InnoDB: Restoring possible half-written data pages 
2023-01-23 13:13:32 1524 [Note] InnoDB: from the doublewrite buffer...
2023-01-23 13:13:32 1524 [Note] InnoDB: 128 rollback segment(s) are active.
2023-01-23 13:13:32 1524 [Note] InnoDB: Waiting for purge to start
2023-01-23 13:13:32 1524 [Note] InnoDB: 5.6.13 started; log sequence number 1903788
2023-01-23 13:13:32 1524 [Note] Server hostname (bind-address): '*'; port: 3307
2023-01-23 13:13:32 1524 [Note] IPv6 is available.
2023-01-23 13:13:32 1524 [Note]   - '::' resolves to '::';
2023-01-23 13:13:32 1524 [Note] Server socket created on IP: '::'.
