2023-01-09T11:58:11.799357Z 0 [Warning] TIMESTAMP with implicit DEFAULT value is deprecated. Please use --explicit_defaults_for_timestamp server option (see documentation for more details).
2023-01-09T11:58:11.799452Z 0 [Note] --secure-file-priv is set to NULL. Operations related to importing and exporting data are disabled
2023-01-09T11:58:11.799954Z 0 [ERROR] Cannot open Windows EventLog; check privileges, or start server with --log_syslog=0
2023-01-09T11:58:11.799993Z 0 [Note] C:\Users\quinten.callaert\Desktop\usbwebserver/mysql/bin/mysqld_usbwv8.exe (mysqld 5.7.36) starting as process 764 ...
2023-01-09T11:58:11.805112Z 0 [ERROR] Error message file 'C:\Users\quinten.callaert\Desktop\usbwebserver\mysql\share\english\errmsg.sys' had only 886 error messages,
                    but it should contain at least 1123 error messages.
                    Check that the above file is the right version for                     this program!
2023-01-09T11:58:11.828697Z 0 [Note] InnoDB: Mutexes and rw_locks use Windows interlocked functions
2023-01-09T11:58:11.829355Z 0 [Note] InnoDB: Uses event mutexes
2023-01-09T11:58:11.829738Z 0 [Note] InnoDB: Memory barrier is not used
2023-01-09T11:58:11.830200Z 0 [Note] InnoDB: Compressed tables use zlib 1.2.11
2023-01-09T11:58:11.831094Z 0 [Note] InnoDB: Number of pools: 1
2023-01-09T11:58:11.831713Z 0 [Note] InnoDB: Not using CPU crc32 instructions
2023-01-09T11:58:11.834535Z 0 [Note] InnoDB: Initializing buffer pool, total size = 128M, instances = 1, chunk size = 128M
2023-01-09T11:58:11.840985Z 0 [Note] InnoDB: Completed initialization of buffer pool
2023-01-09T11:58:12.071607Z 0 [Note] InnoDB: Highest supported file format is Barracuda.
2023-01-09T11:58:12.074559Z 0 [Note] InnoDB: Log scan progressed past the checkpoint lsn 1250748
2023-01-09T11:58:12.075183Z 0 [Note] InnoDB: Doing recovery: scanned up to log sequence number 1250757
2023-01-09T11:58:12.075937Z 0 [Note] InnoDB: Database was not shutdown normally!
2023-01-09T11:58:12.076424Z 0 [Note] InnoDB: Starting crash recovery.
2023-01-09T11:58:12.638235Z 0 [Note] InnoDB: Removed temporary tablespace data file: "ibtmp1"
2023-01-09T11:58:12.638838Z 0 [Note] InnoDB: Creating shared tablespace for temporary tables
2023-01-09T11:58:12.639705Z 0 [Note] InnoDB: Setting file 'C:\Users\quinten.callaert\Desktop\usbwebserver\mysql\data\ibtmp1' size to 12 MB. Physically writing the file full; Please wait ...
2023-01-09T11:58:12.755891Z 0 [Note] InnoDB: File 'C:\Users\quinten.callaert\Desktop\usbwebserver\mysql\data\ibtmp1' size is now 12 MB.
2023-01-09T11:58:12.785313Z 0 [Note] InnoDB: 96 redo rollback segment(s) found. 96 redo rollback segment(s) are active.
2023-01-09T11:58:12.786065Z 0 [Note] InnoDB: 32 non-redo rollback segment(s) are active.
2023-01-09T11:58:12.786949Z 0 [Note] InnoDB: Waiting for purge to start
2023-01-09T11:58:12.840863Z 0 [Note] InnoDB: 5.7.36 started; log sequence number 1250757
2023-01-09T11:58:12.841796Z 0 [Note] Plugin 'FEDERATED' is disabled.
2023-01-09T11:58:12.841804Z 0 [Note] InnoDB: Loading buffer pool(s) from C:\Users\quinten.callaert\Desktop\usbwebserver\mysql\data\ib_buffer_pool
2023-01-09T11:58:12.843275Z 0 [ERROR] InnoDB: Cannot open 'C:\Users\quinten.callaert\Desktop\usbwebserver\mysql\data\ib_buffer_pool' for reading: No such file or directory
2023-01-09T11:58:12.848790Z 0 [Warning] System table 'plugin' is expected to be transactional.
2023-01-09T11:58:12.850664Z 0 [Warning] Gtid table is not ready to be used. Table 'mysql.gtid_executed' cannot be opened.
2023-01-09T11:58:12.853079Z 0 [Note] Found ca.pem, server-cert.pem and server-key.pem in data directory. Trying to enable SSL support using them.
2023-01-09T11:58:12.853998Z 0 [Note] Skipping generation of SSL certificates as certificate files are present in data directory.
2023-01-09T11:58:12.854775Z 0 [Warning] 
2023-01-09T11:58:12.855022Z 0 [Warning] 
2023-01-09T11:58:12.858437Z 0 [Warning] CA certificate ca.pem is self signed.
2023-01-09T11:58:12.859072Z 0 [Note] Skipping generation of RSA key pair as key files are present in data directory.
2023-01-09T11:58:12.861163Z 0 [Note] Server hostname (bind-address): '*'; port: 3306
2023-01-09T11:58:12.862306Z 0 [Note] IPv6 is available.
2023-01-09T11:58:12.862662Z 0 [Note]   - '::' resolves to '::';
2023-01-09T11:58:12.863106Z 0 [Note] Server socket created on IP: '::'.
2023-01-09T11:58:12.864234Z 0 [Warning] Failed to open optimizer cost constant tables

2023-01-09T11:58:12.905640Z 0 [Warning] System table 'time_zone_leap_second' is expected to be transactional.
2023-01-09T11:58:12.906316Z 0 [Warning] System table 'time_zone_name' is expected to be transactional.
2023-01-09T11:58:12.906936Z 0 [Warning] System table 'time_zone' is expected to be transactional.
2023-01-09T11:58:12.907600Z 0 [Warning] System table 'time_zone_transition_type' is expected to be transactional.
2023-01-09T11:58:12.908294Z 0 [Warning] System table 'time_zone_transition' is expected to be transactional.
2023-01-09T11:58:12.928633Z 0 [Warning] System table 'servers' is expected to be transactional.
2023-01-09T11:58:12.938593Z 0 [Warning] InnoDB: Cannot open table mysql/slave_master_info from the internal data dictionary of InnoDB though the .frm file for the table exists. Please refer to http://dev.mysql.com/doc/refman/5.7/en/innodb-troubleshooting.html for how to resolve the issue.
2023-01-09T11:58:12.944468Z 0 [Warning] InnoDB: Cannot open table mysql/slave_relay_log_info from the internal data dictionary of InnoDB though the .frm file for the table exists. Please refer to http://dev.mysql.com/doc/refman/5.7/en/innodb-troubleshooting.html for how to resolve the issue.
2023-01-09T11:58:12.946385Z 0 [Warning] InnoDB: Cannot open table mysql/slave_master_info from the internal data dictionary of InnoDB though the .frm file for the table exists. Please refer to http://dev.mysql.com/doc/refman/5.7/en/innodb-troubleshooting.html for how to resolve the issue.
2023-01-09T11:58:12.948180Z 0 [Warning] Info table is not ready to be used. Table 'mysql.slave_master_info' cannot be opened.
2023-01-09T11:58:12.957573Z 0 [Warning] InnoDB: Cannot open table mysql/slave_worker_info from the internal data dictionary of InnoDB though the .frm file for the table exists. Please refer to http://dev.mysql.com/doc/refman/5.7/en/innodb-troubleshooting.html for how to resolve the issue.
2023-01-09T11:58:12.959511Z 0 [Warning] InnoDB: Cannot open table mysql/slave_relay_log_info from the internal data dictionary of InnoDB though the .frm file for the table exists. Please refer to http://dev.mysql.com/doc/refman/5.7/en/innodb-troubleshooting.html for how to resolve the issue.
2023-01-09T11:58:12.961279Z 0 [Warning] Info table is not ready to be used. Table 'mysql.slave_relay_log_info' cannot be opened.
2023-01-09T11:58:12.962130Z 0 [Note] Failed to start slave threads for channel ''
2023-01-09T11:58:12.975270Z 0 [ERROR] Incorrect definition of table performance_schema.events_waits_current: expected column 'NESTING_EVENT_TYPE' at position 15 to have type enum('TRANSACTION','STATEMENT','STAGE','WAIT', found type enum('STATEMENT','STAGE','WAIT').
2023-01-09T11:58:12.983857Z 0 [ERROR] Incorrect definition of table performance_schema.events_waits_history: expected column 'NESTING_EVENT_TYPE' at position 15 to have type enum('TRANSACTION','STATEMENT','STAGE','WAIT', found type enum('STATEMENT','STAGE','WAIT').
2023-01-09T11:58:12.991416Z 0 [ERROR] Incorrect definition of table performance_schema.events_waits_history_long: expected column 'NESTING_EVENT_TYPE' at position 15 to have type enum('TRANSACTION','STATEMENT','STAGE','WAIT', found type enum('STATEMENT','STAGE','WAIT').
2023-01-09T11:58:13.020300Z 0 [ERROR] Incorrect definition of table performance_schema.events_waits_summary_by_user_by_event_name: expected column 'USER' at position 0 to have type char(32), found type char(16).
2023-01-09T11:58:13.029077Z 0 [ERROR] Incorrect definition of table performance_schema.events_waits_summary_by_account_by_event_name: expected column 'USER' at position 0 to have type char(32), found type char(16).
2023-01-09T11:58:13.104707Z 0 [ERROR] 
2023-01-09T11:58:13.122923Z 0 [ERROR] Incorrect definition of table performance_schema.setup_objects: expected column 'OBJECT_TYPE' at position 0 to have type enum('EVENT','FUNCTION','PROCEDURE','TABLE','TRIGGER', found type enum('TABLE').
2023-01-09T11:58:13.149992Z 0 [ERROR] 
2023-01-09T11:58:13.156378Z 0 [ERROR] 
2023-01-09T11:58:13.163852Z 0 [ERROR] 
2023-01-09T11:58:13.171814Z 0 [ERROR] 
2023-01-09T11:58:13.179818Z 0 [ERROR] 
2023-01-09T11:58:13.202872Z 0 [ERROR] Incorrect definition of table performance_schema.events_stages_summary_by_account_by_event_name: expected column 'USER' at position 0 to have type char(32), found type char(16).
2023-01-09T11:58:13.212470Z 0 [ERROR] Incorrect definition of table performance_schema.events_stages_summary_by_user_by_event_name: expected column 'USER' at position 0 to have type char(32), found type char(16).
2023-01-09T11:58:13.240477Z 0 [ERROR] 
2023-01-09T11:58:13.252027Z 0 [ERROR] 
2023-01-09T11:58:13.270151Z 0 [ERROR] 
2023-01-09T11:58:13.338805Z 0 [ERROR] Incorrect definition of table performance_schema.events_statements_summary_by_account_by_event_name: expected column 'USER' at position 0 to have type char(32), found type char(16).
2023-01-09T11:58:13.359280Z 0 [ERROR] Incorrect definition of table performance_schema.events_statements_summary_by_user_by_event_name: expected column 'USER' at position 0 to have type char(32), found type char(16).
2023-01-09T11:58:13.412061Z 0 [ERROR] 
2023-01-09T11:58:13.412714Z 0 [ERROR] 
2023-01-09T11:58:13.413168Z 0 [ERROR] 
2023-01-09T11:58:13.414701Z 0 [ERROR] 
2023-01-09T11:58:13.415415Z 0 [ERROR] 
2023-01-09T11:58:13.415898Z 0 [ERROR] 
2023-01-09T11:58:13.416292Z 0 [ERROR] 
2023-01-09T11:58:13.416718Z 0 [ERROR] 
2023-01-09T11:58:13.417094Z 0 [ERROR] 
2023-01-09T11:58:13.422718Z 0 [ERROR] Incorrect definition of table performance_schema.users: expected column 'USER' at position 0 to have type char(32), found type char(16).
2023-01-09T11:58:13.429405Z 0 [ERROR] Incorrect definition of table performance_schema.accounts: expected column 'USER' at position 0 to have type char(32), found type char(16).
2023-01-09T11:58:13.473312Z 0 [ERROR] 
2023-01-09T11:58:13.473665Z 0 [ERROR] 
2023-01-09T11:58:13.473998Z 0 [ERROR] 
2023-01-09T11:58:13.474327Z 0 [ERROR] 
2023-01-09T11:58:13.474665Z 0 [ERROR] 
2023-01-09T11:58:13.475009Z 0 [ERROR] 
2023-01-09T11:58:13.475337Z 0 [ERROR] 
2023-01-09T11:58:13.475666Z 0 [ERROR] 
2023-01-09T11:58:13.475996Z 0 [ERROR] 
2023-01-09T11:58:13.476323Z 0 [ERROR] 
2023-01-09T11:58:13.476650Z 0 [ERROR] 
2023-01-09T11:58:13.476981Z 0 [ERROR] 
2023-01-09T11:58:13.477311Z 0 [ERROR] 
2023-01-09T11:58:13.477640Z 0 [ERROR] 
2023-01-09T11:58:13.477969Z 0 [ERROR] 
2023-01-09T11:58:13.478293Z 0 [ERROR] 
2023-01-09T11:58:13.478622Z 0 [ERROR] 
2023-01-09T11:58:13.478951Z 0 [ERROR] 
2023-01-09T11:58:13.479276Z 0 [ERROR] 
2023-01-09T11:58:13.479600Z 0 [ERROR] 
2023-01-09T11:58:13.479937Z 0 [ERROR] 
2023-01-09T11:58:13.480551Z 0 [ERROR] 
2023-01-09T11:58:13.480982Z 0 [ERROR] 
2023-01-09T11:58:13.481320Z 0 [ERROR] 
2023-01-09T11:58:13.481740Z 0 [ERROR] 
2023-01-09T11:58:13.482074Z 0 [ERROR] 
2023-01-09T11:58:13.482517Z 0 [ERROR] Incorrect definition of table mysql.db: expected column 'User' at position 2 to have type char(32), found type char(16).
2023-01-09T11:58:13.483618Z 0 [ERROR] mysql.user has no `Event_priv` column at position 28
2023-01-09T11:58:13.489636Z 0 [ERROR] Event Scheduler: An error occurred when initializing system tables. Disabling the Event Scheduler.
2023-01-09T11:58:13.490644Z 0 [Note] 
2023-01-09T11:58:13.496013Z 2 [ERROR] InnoDB: Table `mysql`.`innodb_table_stats` not found.
2023-01-09T11:58:13.496624Z 2 [ERROR] InnoDB: Fetch of persistent statistics requested for table `gip`.`artikelen` but the required system tables mysql.innodb_table_stats and mysql.innodb_index_stats are not present or have unexpected structure. Using transient stats instead.
2023-01-09T11:58:19.845750Z 5 [ERROR] InnoDB: Table `mysql`.`innodb_table_stats` not found.
2023-01-09T11:58:19.846333Z 5 [ERROR] InnoDB: Fetch of persistent statistics requested for table `loginsystem`.`users` but the required system tables mysql.innodb_table_stats and mysql.innodb_index_stats are not present or have unexpected structure. Using transient stats instead.
